#
# There is insufficient memory for the Java Runtime Environment to continue.
# Native memory allocation (malloc) failed to allocate 510576 bytes for Chunk::new
# Possible reasons:
#   The system is out of physical RAM or swap space
#   In 32 bit mode, the process size limit was hit
# Possible solutions:
#   Reduce memory load on the system
#   Increase physical memory or swap space
#   Check if swap backing store is full
#   Use 64 bit Java on a 64 bit OS
#   Decrease Java heap size (-Xmx/-Xms)
#   Decrease number of Java threads
#   Decrease Java thread stack sizes (-Xss)
#   Set larger code cache with -XX:ReservedCodeCacheSize=
# This output file may be truncated or incomplete.
#
#  Out of Memory Error (allocation.cpp:390), pid=8760, tid=1420
#
# JRE version: Java(TM) SE Runtime Environment (8.0_40-b26) (build 1.8.0_40-b26)
# Java VM: Java HotSpot(TM) 64-Bit Server VM (25.40-b25 mixed mode windows-amd64 compressed oops)
# Failed to write core dump. Minidumps are not enabled by default on client versions of Windows
#

---------------  T H R E A D  ---------------

Current thread (0x00000000166f2800):  JavaThread "C2 CompilerThread0" daemon [_thread_in_native, id=1420, stack(0x0000000016270000,0x0000000016370000)]

Stack: [0x0000000016270000,0x0000000016370000]
Native frames: (J=compiled Java code, j=interpreted, Vv=VM code, C=native code)
V  [jvm.dll+0x32b47a]


Current CompileTask:
C2:   1091 1106       4       com.android.dx.ssa.DeadCodeRemover::isCircularNoSideEffect (140 bytes)


---------------  P R O C E S S  ---------------

Java Threads: ( => current thread )
  0x00000000166fb800 JavaThread "Service Thread" daemon [_thread_blocked, id=3088, stack(0x0000000016060000,0x0000000016160000)]
  0x00000000166f5800 JavaThread "C1 CompilerThread2" daemon [_thread_in_vm, id=5044, stack(0x00000000170a0000,0x00000000171a0000)]
  0x00000000166f4800 JavaThread "C2 CompilerThread1" daemon [_thread_in_native, id=3524, stack(0x0000000016f40000,0x0000000017040000)]
=>0x00000000166f2800 JavaThread "C2 CompilerThread0" daemon [_thread_in_native, id=1420, stack(0x0000000016270000,0x0000000016370000)]
  0x0000000015041800 JavaThread "Attach Listener" daemon [_thread_blocked, id=3440, stack(0x0000000016d50000,0x0000000016e50000)]
  0x0000000015041000 JavaThread "Signal Dispatcher" daemon [_thread_blocked, id=7244, stack(0x0000000016b80000,0x0000000016c80000)]
  0x0000000014fe1800 JavaThread "Finalizer" daemon [_thread_blocked, id=9728, stack(0x00000000165f0000,0x00000000166f0000)]
  0x0000000014fe0000 JavaThread "Reference Handler" daemon [_thread_blocked, id=8208, stack(0x0000000016380000,0x0000000016480000)]
  0x000000000233e000 JavaThread "main" [_thread_in_Java, id=7792, stack(0x00000000023f0000,0x00000000024f0000)]

Other Threads:
  0x0000000014fdc800 VMThread [stack: 0x0000000016160000,0x0000000016260000] [id=4732]
  0x000000001678e800 WatcherThread [stack: 0x00000000171d0000,0x00000000172d0000] [id=9268]

VM state:not at safepoint (normal execution)

VM Mutex/Monitor currently owned by a thread:  ([mutex/lock_event])
[0x000000000233cc30] CompiledIC_lock - owner thread: 0x00000000166f5800

Heap:
 PSYoungGen      total 36864K, used 30155K [0x00000000eab00000, 0x00000000ed400000, 0x0000000100000000)
  eden space 31744K, 94% used [0x00000000eab00000,0x00000000ec872d90,0x00000000eca00000)
  from space 5120K, 0% used [0x00000000ecf00000,0x00000000ecf00000,0x00000000ed400000)
  to   space 5120K, 0% used [0x00000000eca00000,0x00000000eca00000,0x00000000ecf00000)
 ParOldGen       total 84992K, used 0K [0x00000000c0000000, 0x00000000c5300000, 0x00000000eab00000)
  object space 84992K, 0% used [0x00000000c0000000,0x00000000c0000000,0x00000000c5300000)
 Metaspace       used 5507K, capacity 6832K, committed 7040K, reserved 1056768K
  class space    used 546K, capacity 616K, committed 640K, reserved 1048576K

Card table byte_map: [0x0000000011c20000,0x0000000011e30000] byte_map_base: 0x0000000011620000

Marking Bits: (ParMarkBitMap*) 0x00000000549c4040
 Begin Bits: [0x0000000012450000, 0x0000000013450000)
 End Bits:   [0x0000000013450000, 0x0000000014450000)

Polling page: 0x0000000000260000

CodeCache: size=245760Kb used=4588Kb max_used=4588Kb free=241171Kb
 bounds [0x0000000002860000, 0x0000000002ce0000, 0x0000000011860000]
 total_blobs=1400 nmethods=1134 adapters=178
 compilation: disabled (not enough contiguous free space left)

Compilation events (10 events):
Event: 1.081 Thread 0x00000000166f5800 nmethod 1140 0x0000000002cd8590 code [0x0000000002cd8720, 0x0000000002cd8d50]
Event: 1.081 Thread 0x00000000166f5800 1141       1       java.util.HashMap::afterNodeAccess (1 bytes)
Event: 1.081 Thread 0x00000000166f5800 nmethod 1141 0x0000000002cd9050 code [0x0000000002cd91a0, 0x0000000002cd92b0]
Event: 1.081 Thread 0x00000000166f5800 1139       3       com.android.dx.rop.code.CstInsn::contentEquals (31 bytes)
Event: 1.081 Thread 0x00000000166f5800 nmethod 1139 0x0000000002cd9310 code [0x0000000002cd94a0, 0x0000000002cd9918]
Event: 1.081 Thread 0x00000000166f5800 1132       3       com.android.dx.ssa.SsaMethod::onSourceChanged (65 bytes)
Event: 1.082 Thread 0x00000000166f5800 nmethod 1132 0x0000000002cd9a50 code [0x0000000002cd9c20, 0x0000000002cda498]
Event: 1.082 Thread 0x00000000166f5800 1133       3       com.android.dx.rop.cst.CstType::equals (29 bytes)
Event: 1.082 Thread 0x00000000166f5800 nmethod 1133 0x0000000002cda990 code [0x0000000002cdab00, 0x0000000002cdaed0]
Event: 1.084 Thread 0x00000000166f5800 1142       3       com.android.dx.ssa.SCCP::<init> (142 bytes)

GC Heap History (0 events):
No events

Deoptimization events (10 events):
Event: 0.711 Thread 0x000000000233e000 Uncommon trap: reason=unstable_if action=reinterpret pc=0x0000000002a5322c method=java.util.HashMap.getNode(ILjava/lang/Object;)Ljava/util/HashMap$Node; @ 62
Event: 0.721 Thread 0x000000000233e000 Uncommon trap: reason=class_check action=maybe_recompile pc=0x0000000002afa9cc method=com.android.dx.rop.type.Type.equals(Ljava/lang/Object;)Z @ 8
Event: 0.721 Thread 0x000000000233e000 Uncommon trap: reason=unstable_if action=reinterpret pc=0x0000000002afa9b0 method=com.android.dx.rop.code.RegisterSpec.equals(ILcom/android/dx/rop/type/TypeBearer;Lcom/android/dx/rop/code/LocalItem;)Z @ 16
Event: 0.785 Thread 0x000000000233e000 Uncommon trap: reason=class_check action=maybe_recompile pc=0x0000000002b7f91c method=com.android.dx.ssa.SsaBasicBlock.forEachInsn(Lcom/android/dx/ssa/SsaInsn$Visitor;)V @ 23
Event: 0.785 Thread 0x000000000233e000 Uncommon trap: reason=class_check action=maybe_recompile pc=0x0000000002b7f91c method=com.android.dx.ssa.SsaBasicBlock.forEachInsn(Lcom/android/dx/ssa/SsaInsn$Visitor;)V @ 23
Event: 0.785 Thread 0x000000000233e000 Uncommon trap: reason=class_check action=maybe_recompile pc=0x0000000002b7f91c method=com.android.dx.ssa.SsaBasicBlock.forEachInsn(Lcom/android/dx/ssa/SsaInsn$Visitor;)V @ 23
Event: 0.785 Thread 0x000000000233e000 Uncommon trap: reason=class_check action=maybe_recompile pc=0x0000000002b7f91c method=com.android.dx.ssa.SsaBasicBlock.forEachInsn(Lcom/android/dx/ssa/SsaInsn$Visitor;)V @ 23
Event: 1.025 Thread 0x000000000233e000 Uncommon trap: reason=unstable_if action=reinterpret pc=0x0000000002aa3570 method=java.util.HashMap.getNode(ILjava/lang/Object;)Ljava/util/HashMap$Node; @ 62
Event: 1.027 Thread 0x000000000233e000 Uncommon trap: reason=bimorphic action=maybe_recompile pc=0x0000000002c5ee7c method=java.util.HashMap.getNode(ILjava/lang/Object;)Ljava/util/HashMap$Node; @ 126
Event: 1.027 Thread 0x000000000233e000 Uncommon trap: reason=bimorphic action=maybe_recompile pc=0x0000000002c5ee7c method=java.util.HashMap.getNode(ILjava/lang/Object;)Ljava/util/HashMap$Node; @ 126

Internal exceptions (2 events):
Event: 0.052 Thread 0x000000000233e000 Exception <a 'java/lang/NoSuchMethodError': Method sun.misc.Unsafe.defineClass(Ljava/lang/String;[BII)Ljava/lang/Class; name or signature does not match> (0x00000000eab0d388) thrown at [D:\re\workspace\8-2-build-windows-amd64-cygwin\jdk8u40\3098\hotspot\srÁ«š)O‹ª?
Event: 0.052 Thread 0x000000000233e000 Exception <a 'java/lang/NoSuchMethodError': Method sun.misc.Unsafe.prefetchRead(Ljava/lang/Object;J)V name or signature does not match> (0x00000000eab0d618) thrown at [D:\re\workspace\8-2-build-windows-amd64-cygwin\jdk8u40\3098\hotspot\src\share\vm\prims\j

Events (10 events):
Event: 1.009 Thread 0x000000000233e000 DEOPT UNPACKING pc=0x00000000028a787f sp=0x00000000024ee288 mode 0
Event: 1.025 Thread 0x000000000233e000 Uncommon trap: trap_request=0xffffff65 fr.pc=0x0000000002aa3570
Event: 1.025 Thread 0x000000000233e000 DEOPT PACKING pc=0x0000000002aa3570 sp=0x00000000024ee640
Event: 1.025 Thread 0x000000000233e000 DEOPT UNPACKING pc=0x00000000028a582a sp=0x00000000024ee570 mode 2
Event: 1.026 Thread 0x000000000233e000 Uncommon trap: trap_request=0xffffffc6 fr.pc=0x0000000002c5ee7c
Event: 1.027 Thread 0x000000000233e000 DEOPT PACKING pc=0x0000000002c5ee7c sp=0x00000000024ee5c0
Event: 1.027 Thread 0x000000000233e000 DEOPT UNPACKING pc=0x00000000028a582a sp=0x00000000024ee540 mode 2
Event: 1.027 Thread 0x000000000233e000 Uncommon trap: trap_request=0xffffffc6 fr.pc=0x0000000002c5ee7c
Event: 1.027 Thread 0x000000000233e000 DEOPT PACKING pc=0x0000000002c5ee7c sp=0x00000000024ee5c0
Event: 1.027 Thread 0x000000000233e000 DEOPT UNPACKING pc=0x00000000028a582a sp=0x00000000024ee540 mode 2


Dynamic libraries:
0x000000013f840000 - 0x000000013f877000 	C:\Program Files\Java\jdk1.8.0_40\bin\java.exe
0x0000000076f20000 - 0x00000000770c9000 	C:\Windows\SYSTEM32\ntdll.dll
0x0000000076e00000 - 0x0000000076f1f000 	C:\Windows\system32\kernel32.dll
0x000007fefcf20000 - 0x000007fefcf8c000 	C:\Windows\system32\KERNELBASE.dll
0x000007fefd420000 - 0x000007fefd4fb000 	C:\Windows\system32\ADVAPI32.dll
0x000007fefd8e0000 - 0x000007fefd97f000 	C:\Windows\system32\msvcrt.dll
0x000007fefdd70000 - 0x000007fefdd8f000 	C:\Windows\SYSTEM32\sechost.dll
0x000007fefd580000 - 0x000007fefd6ad000 	C:\Windows\system32\RPCRT4.dll
0x0000000076d00000 - 0x0000000076dfa000 	C:\Windows\system32\USER32.dll
0x000007fefdd00000 - 0x000007fefdd67000 	C:\Windows\system32\GDI32.dll
0x000007fefd410000 - 0x000007fefd41e000 	C:\Windows\system32\LPK.dll
0x000007fefd340000 - 0x000007fefd409000 	C:\Windows\system32\USP10.dll
0x000007fefb200000 - 0x000007fefb3f4000 	C:\Windows\WinSxS\amd64_microsoft.windows.common-controls_6595b64144ccf1df_6.0.7601.17514_none_fa396087175ac9ac\COMCTL32.dll
0x000007fefd500000 - 0x000007fefd571000 	C:\Windows\system32\SHLWAPI.dll
0x000007fefd180000 - 0x000007fefd1ae000 	C:\Windows\system32\IMM32.DLL
0x000007feff120000 - 0x000007feff229000 	C:\Windows\system32\MSCTF.dll
0x0000000074ac0000 - 0x0000000074af8000 	C:\PROGRA~2\Sophos\SOPHOS~1\SOPHOS~2.DLL
0x00000000770e0000 - 0x00000000770e7000 	C:\Windows\system32\PSAPI.DLL
0x0000000054c60000 - 0x0000000054d32000 	C:\Program Files\Java\jdk1.8.0_40\jre\bin\msvcr100.dll
0x00000000541c0000 - 0x0000000054a43000 	C:\Program Files\Java\jdk1.8.0_40\jre\bin\server\jvm.dll
0x000007fefb070000 - 0x000007fefb079000 	C:\Windows\system32\WSOCK32.dll
0x000007fefda20000 - 0x000007fefda6d000 	C:\Windows\system32\WS2_32.dll
0x000007fefd290000 - 0x000007fefd298000 	C:\Windows\system32\NSI.dll
0x000007fefa950000 - 0x000007fefa98b000 	C:\Windows\system32\WINMM.dll
0x000007fefbee0000 - 0x000007fefbeec000 	C:\Windows\system32\VERSION.dll
0x0000000074030000 - 0x000000007403f000 	C:\Program Files\Java\jdk1.8.0_40\jre\bin\verify.dll
0x0000000074000000 - 0x0000000074029000 	C:\Program Files\Java\jdk1.8.0_40\jre\bin\java.dll
0x0000000073fe0000 - 0x0000000073ff6000 	C:\Program Files\Java\jdk1.8.0_40\jre\bin\zip.dll
0x000007fefdf00000 - 0x000007fefec89000 	C:\Windows\system32\SHELL32.dll
0x000007fefd6d0000 - 0x000007fefd8d3000 	C:\Windows\system32\ole32.dll
0x000007fefcd70000 - 0x000007fefcd7f000 	C:\Windows\system32\profapi.dll

VM Arguments:
jvm_args: -Xmx1024M -Dfile.encoding=windows-1252 -Duser.country=US -Duser.language=en -Duser.variant 
java_command: com.android.dx.command.Main --dex --output C:\Users\segeoma\AndroidStudioProjects\Warehouse\mobile\build\intermediates\pre-dexed\debug\classes-77b50eafe7a7d1bf95d3e1ee6c0c9efe142acba5.jar C:\Users\segeoma\AndroidStudioProjects\Warehouse\mobile\build\intermediates\exploded-aar\com.google.android.gms\play-services-plus\7.0.0\classes.jar
java_class_path (initial): C:\Users\segeoma\AppData\Local\Android\sdk\build-tools\22.0.0\lib\dx.jar
Launcher Type: SUN_STANDARD

Environment Variables:
PATH=C:\ProgramData\Oracle\Java\javapath;C:\Windows\system32;C:\Windows;C:\Windows\System32\Wbem;C:\Windows\System32\WindowsPowerShell\v1.0\;C:\Program Files\Intel\WiFi\bin\;C:\Program Files\Common Files\Intel\WirelessCommon\;C:\Program Files (x86)\Intel\OpenCL SDK\3.0\bin\x86;C:\Program Files (x86)\Intel\OpenCL SDK\3.0\bin\x64;C:\Program Files (x86)\Windows Kits\8.1\Windows Performance Toolkit\;C:\Program Files\Microsoft SQL Server\110\Tools\Binn\;C:\Program Files (x86)\Microsoft SDKs\TypeScript\1.0\;C:\Program Files\Microsoft SQL Server\120\Tools\Binn\;C:\Program Files\Java\jdk1.8.0_40\bin
USERNAME=segeoma
OS=Windows_NT
PROCESSOR_IDENTIFIER=Intel64 Family 6 Model 58 Stepping 9, GenuineIntel



---------------  S Y S T E M  ---------------

OS: Windows 7 , 64 bit Build 7601 (6.1.7601.18409)

CPU:total 4 (2 cores per cpu, 2 threads per core) family 6 model 58 stepping 9, cmov, cx8, fxsr, mmx, sse, sse2, sse3, ssse3, sse4.1, sse4.2, popcnt, avx, aes, clmul, erms, ht, tsc, tscinvbit, tscinv

Memory: 4k page, physical 8078128k(532312k free), swap 10173424k(5128k free)

vm_info: Java HotSpot(TM) 64-Bit Server VM (25.40-b25) for windows-amd64 JRE (1.8.0_40-b26), built on Mar  7 2015 13:51:59 by "java_re" with MS VC++ 10.0 (VS2010)

time: Mon Apr 27 09:38:31 2015
elapsed time: 1 seconds (0d 0h 0m 1s)

