#
# There is insufficient memory for the Java Runtime Environment to continue.
# Native memory allocation (malloc) failed to allocate 968496 bytes for Chunk::new
# Possible reasons:
#   The system is out of physical RAM or swap space
#   In 32 bit mode, the process size limit was hit
# Possible solutions:
#   Reduce memory load on the system
#   Increase physical memory or swap space
#   Check if swap backing store is full
#   Use 64 bit Java on a 64 bit OS
#   Decrease Java heap size (-Xmx/-Xms)
#   Decrease number of Java threads
#   Decrease Java thread stack sizes (-Xss)
#   Set larger code cache with -XX:ReservedCodeCacheSize=
# This output file may be truncated or incomplete.
#
#  Out of Memory Error (allocation.cpp:390), pid=3672, tid=9220
#
# JRE version: Java(TM) SE Runtime Environment (8.0_40-b26) (build 1.8.0_40-b26)
# Java VM: Java HotSpot(TM) 64-Bit Server VM (25.40-b25 mixed mode windows-amd64 compressed oops)
# Failed to write core dump. Minidumps are not enabled by default on client versions of Windows
#

---------------  T H R E A D  ---------------

Current thread (0x00000000165c3800):  JavaThread "C2 CompilerThread1" daemon [_thread_in_native, id=9220, stack(0x0000000016f60000,0x0000000017060000)]

Stack: [0x0000000016f60000,0x0000000017060000]
Native frames: (J=compiled Java code, j=interpreted, Vv=VM code, C=native code)
V  [jvm.dll+0x32b47a]


Current CompileTask:
C2:   3598 1635   !   4       com.android.dx.cf.code.BytecodeArray::parseInstruction (2764 bytes)


---------------  P R O C E S S  ---------------

Java Threads: ( => current thread )
  0x00000000153af800 JavaThread "Service Thread" daemon [_thread_blocked, id=9428, stack(0x0000000016df0000,0x0000000016ef0000)]
  0x00000000165c4800 JavaThread "C1 CompilerThread2" daemon [_thread_blocked, id=8584, stack(0x00000000125b0000,0x00000000126b0000)]
=>0x00000000165c3800 JavaThread "C2 CompilerThread1" daemon [_thread_in_native, id=9220, stack(0x0000000016f60000,0x0000000017060000)]
  0x00000000153a4000 JavaThread "C2 CompilerThread0" daemon [_thread_in_native, id=7880, stack(0x0000000016cb0000,0x0000000016db0000)]
  0x00000000153a0000 JavaThread "Attach Listener" daemon [_thread_blocked, id=8660, stack(0x0000000016a20000,0x0000000016b20000)]
  0x000000001539f000 JavaThread "Signal Dispatcher" daemon [_thread_blocked, id=8156, stack(0x0000000016b30000,0x0000000016c30000)]
  0x0000000015341000 JavaThread "Finalizer" daemon [_thread_blocked, id=8028, stack(0x00000000164c0000,0x00000000165c0000)]
  0x0000000015340000 JavaThread "Reference Handler" daemon [_thread_blocked, id=9940, stack(0x0000000016290000,0x0000000016390000)]
  0x000000000246e000 JavaThread "main" [_thread_in_Java, id=2296, stack(0x0000000002480000,0x0000000002580000)]

Other Threads:
  0x000000001533c800 VMThread [stack: 0x00000000163b0000,0x00000000164b0000] [id=8048]
  0x00000000165c8000 WatcherThread [stack: 0x0000000017240000,0x0000000017340000] [id=10148]

VM state:not at safepoint (normal execution)

VM Mutex/Monitor currently owned by a thread: None

Heap:
 PSYoungGen      total 68608K, used 19251K [0x00000000eab00000, 0x00000000f3100000, 0x0000000100000000)
  eden space 63488K, 22% used [0x00000000eab00000,0x00000000eb8d0788,0x00000000ee900000)
  from space 5120K, 99% used [0x00000000ee900000,0x00000000eedfc518,0x00000000eee00000)
  to   space 5120K, 0% used [0x00000000f2c00000,0x00000000f2c00000,0x00000000f3100000)
 ParOldGen       total 84992K, used 14471K [0x00000000c0000000, 0x00000000c5300000, 0x00000000eab00000)
  object space 84992K, 17% used [0x00000000c0000000,0x00000000c0e21c58,0x00000000c5300000)
 Metaspace       used 5861K, capacity 7088K, committed 7296K, reserved 1056768K
  class space    used 557K, capacity 616K, committed 640K, reserved 1048576K

Card table byte_map: [0x0000000011d20000,0x0000000011f30000] byte_map_base: 0x0000000011720000

Marking Bits: (ParMarkBitMap*) 0x00000000549c4040
 Begin Bits: [0x00000000127b0000, 0x00000000137b0000)
 End Bits:   [0x00000000137b0000, 0x00000000147b0000)

Polling page: 0x0000000000360000

CodeCache: size=245760Kb used=7360Kb max_used=7372Kb free=238399Kb
 bounds [0x0000000002960000, 0x00000000030a0000, 0x0000000011960000]
 total_blobs=1917 nmethods=1652 adapters=178
 compilation: enabled

Compilation events (10 events):
Event: 3.571 Thread 0x00000000165c4800 1682       2       com.android.dx.rop.code.BasicBlockList$RegCountVisitor::visitThrowingInsn (6 bytes)
Event: 3.571 Thread 0x00000000165c4800 nmethod 1682 0x0000000003085810 code [0x0000000003085980, 0x0000000003085ae8]
Event: 3.578 Thread 0x00000000165c4800 1685       2       com.android.dx.rop.cst.StdConstantPool::size (6 bytes)
Event: 3.578 Thread 0x00000000165c4800 nmethod 1685 0x0000000003083c90 code [0x0000000003083de0, 0x0000000003083f30]
Event: 3.585 Thread 0x00000000153a4000 nmethod 1529 0x0000000003084950 code [0x0000000003084ac0, 0x0000000003085238]
Event: 3.585 Thread 0x00000000153a4000 1683       4       com.android.dx.rop.code.BasicBlockList::forEachInsn (39 bytes)
Event: 3.587 Thread 0x00000000165c4800 1687       1       com.android.dx.ssa.PhiInsn::canThrow (2 bytes)
Event: 3.587 Thread 0x00000000165c4800 nmethod 1687 0x0000000003069610 code [0x0000000003069760, 0x0000000003069870]
Event: 3.588 Thread 0x00000000153a4000 nmethod 1683 0x0000000003097210 code [0x0000000003097360, 0x00000000030975f8]
Event: 3.588 Thread 0x00000000153a4000 1684       4       com.android.dx.rop.code.LocalVariableExtractor::processBlock (327 bytes)

GC Heap History (6 events):
Event: 1.597 GC heap before
{Heap before GC invocations=1 (full 0):
 PSYoungGen      total 36864K, used 31744K [0x00000000eab00000, 0x00000000ed400000, 0x0000000100000000)
  eden space 31744K, 100% used [0x00000000eab00000,0x00000000eca00000,0x00000000eca00000)
  from space 5120K, 0% used [0x00000000ecf00000,0x00000000ecf00000,0x00000000ed400000)
  to   space 5120K, 0% used [0x00000000eca00000,0x00000000eca00000,0x00000000ecf00000)
 ParOldGen       total 84992K, used 0K [0x00000000c0000000, 0x00000000c5300000, 0x00000000eab00000)
  object space 84992K, 0% used [0x00000000c0000000,0x00000000c0000000,0x00000000c5300000)
 Metaspace       used 5749K, capacity 7024K, committed 7296K, reserved 1056768K
  class space    used 554K, capacity 616K, committed 640K, reserved 1048576K
Event: 1.671 GC heap after
Heap after GC invocations=1 (full 0):
 PSYoungGen      total 36864K, used 5098K [0x00000000eab00000, 0x00000000ef300000, 0x0000000100000000)
  eden space 31744K, 0% used [0x00000000eab00000,0x00000000eab00000,0x00000000eca00000)
  from space 5120K, 99% used [0x00000000eca00000,0x00000000ecefaab8,0x00000000ecf00000)
  to   space 5120K, 0% used [0x00000000eee00000,0x00000000eee00000,0x00000000ef300000)
 ParOldGen       total 84992K, used 1487K [0x00000000c0000000, 0x00000000c5300000, 0x00000000eab00000)
  object space 84992K, 1% used [0x00000000c0000000,0x00000000c0173d78,0x00000000c5300000)
 Metaspace       used 5749K, capacity 7024K, committed 7296K, reserved 1056768K
  class space    used 554K, capacity 616K, committed 640K, reserved 1048576K
}
Event: 2.627 GC heap before
{Heap before GC invocations=2 (full 0):
 PSYoungGen      total 36864K, used 36842K [0x00000000eab00000, 0x00000000ef300000, 0x0000000100000000)
  eden space 31744K, 100% used [0x00000000eab00000,0x00000000eca00000,0x00000000eca00000)
  from space 5120K, 99% used [0x00000000eca00000,0x00000000ecefaab8,0x00000000ecf00000)
  to   space 5120K, 0% used [0x00000000eee00000,0x00000000eee00000,0x00000000ef300000)
 ParOldGen       total 84992K, used 1487K [0x00000000c0000000, 0x00000000c5300000, 0x00000000eab00000)
  object space 84992K, 1% used [0x00000000c0000000,0x00000000c0173d78,0x00000000c5300000)
 Metaspace       used 5793K, capacity 7024K, committed 7296K, reserved 1056768K
  class space    used 556K, capacity 616K, committed 640K, reserved 1048576K
Event: 2.648 GC heap after
Heap after GC invocations=2 (full 0):
 PSYoungGen      total 68608K, used 5102K [0x00000000eab00000, 0x00000000ef300000, 0x0000000100000000)
  eden space 63488K, 0% used [0x00000000eab00000,0x00000000eab00000,0x00000000ee900000)
  from space 5120K, 99% used [0x00000000eee00000,0x00000000ef2fbb78,0x00000000ef300000)
  to   space 5120K, 0% used [0x00000000ee900000,0x00000000ee900000,0x00000000eee00000)
 ParOldGen       total 84992K, used 4557K [0x00000000c0000000, 0x00000000c5300000, 0x00000000eab00000)
  object space 84992K, 5% used [0x00000000c0000000,0x00000000c04737c8,0x00000000c5300000)
 Metaspace       used 5793K, capacity 7024K, committed 7296K, reserved 1056768K
  class space    used 556K, capacity 616K, committed 640K, reserved 1048576K
}
Event: 3.342 GC heap before
{Heap before GC invocations=3 (full 0):
 PSYoungGen      total 68608K, used 68590K [0x00000000eab00000, 0x00000000ef300000, 0x0000000100000000)
  eden space 63488K, 100% used [0x00000000eab00000,0x00000000ee900000,0x00000000ee900000)
  from space 5120K, 99% used [0x00000000eee00000,0x00000000ef2fbb78,0x00000000ef300000)
  to   space 5120K, 0% used [0x00000000ee900000,0x00000000ee900000,0x00000000eee00000)
 ParOldGen       total 84992K, used 4557K [0x00000000c0000000, 0x00000000c5300000, 0x00000000eab00000)
  object space 84992K, 5% used [0x00000000c0000000,0x00000000c04737c8,0x00000000c5300000)
 Metaspace       used 5851K, capacity 7088K, committed 7296K, reserved 1056768K
  class space    used 556K, capacity 616K, committed 640K, reserved 1048576K
Event: 3.505 GC heap after
Heap after GC invocations=3 (full 0):
 PSYoungGen      total 68608K, used 5105K [0x00000000eab00000, 0x00000000f3100000, 0x0000000100000000)
  eden space 63488K, 0% used [0x00000000eab00000,0x00000000eab00000,0x00000000ee900000)
  from space 5120K, 99% used [0x00000000ee900000,0x00000000eedfc518,0x00000000eee00000)
  to   space 5120K, 0% used [0x00000000f2c00000,0x00000000f2c00000,0x00000000f3100000)
 ParOldGen       total 84992K, used 14471K [0x00000000c0000000, 0x00000000c5300000, 0x00000000eab00000)
  object space 84992K, 17% used [0x00000000c0000000,0x00000000c0e21c58,0x00000000c5300000)
 Metaspace       used 5851K, capacity 7088K, committed 7296K, reserved 1056768K
  class space    used 556K, capacity 616K, committed 640K, reserved 1048576K
}

Deoptimization events (10 events):
Event: 2.608 Thread 0x000000000246e000 Uncommon trap: reason=unstable_if action=reinterpret pc=0x0000000002c31f18 method=com.android.dx.rop.code.LocalItem.hashCode()I @ 25
Event: 3.531 Thread 0x000000000246e000 Uncommon trap: reason=unstable_if action=reinterpret pc=0x0000000002f740a8 method=com.android.dx.ssa.SCCP.simulateBranch(Lcom/android/dx/ssa/SsaInsn;)V @ 64
Event: 3.531 Thread 0x000000000246e000 Uncommon trap: reason=unstable_if action=reinterpret pc=0x0000000002fb0c74 method=com.android.dx.ssa.LiteralOpUpgrader$1.visitNonMoveInsn(Lcom/android/dx/ssa/NormalSsaInsn;)V @ 55
Event: 3.532 Thread 0x000000000246e000 Uncommon trap: reason=unstable_if action=reinterpret pc=0x0000000002dcdf0c method=com.android.dx.ssa.SsaMethod.updateOneDefinition(Lcom/android/dx/ssa/SsaInsn;Lcom/android/dx/rop/code/RegisterSpec;)V @ 4
Event: 3.533 Thread 0x000000000246e000 Uncommon trap: reason=unstable_if action=reinterpret pc=0x0000000002f923ec method=com.android.dx.rop.code.LocalItem.compareHandlesNulls(Lcom/android/dx/rop/cst/CstString;Lcom/android/dx/rop/cst/CstString;)I @ 14
Event: 3.549 Thread 0x000000000246e000 Uncommon trap: reason=class_check action=maybe_recompile pc=0x0000000002e74db4 method=java.util.HashMap.putVal(ILjava/lang/Object;Ljava/lang/Object;ZZ)Ljava/lang/Object; @ 203
Event: 3.556 Thread 0x000000000246e000 Uncommon trap: reason=bimorphic action=maybe_recompile pc=0x0000000002f9d850 method=com.android.dx.rop.code.RegisterSpec.withSimpleType()Lcom/android/dx/rop/code/RegisterSpec; @ 21
Event: 3.556 Thread 0x000000000246e000 Uncommon trap: reason=bimorphic action=maybe_recompile pc=0x0000000002f9d850 method=com.android.dx.rop.code.RegisterSpec.withSimpleType()Lcom/android/dx/rop/code/RegisterSpec; @ 21
Event: 3.558 Thread 0x000000000246e000 Uncommon trap: reason=bimorphic action=maybe_recompile pc=0x0000000002f9d850 method=com.android.dx.rop.code.RegisterSpec.withSimpleType()Lcom/android/dx/rop/code/RegisterSpec; @ 21
Event: 3.558 Thread 0x000000000246e000 Uncommon trap: reason=bimorphic action=maybe_recompile pc=0x0000000002f9d850 method=com.android.dx.rop.code.RegisterSpec.withSimpleType()Lcom/android/dx/rop/code/RegisterSpec; @ 21

Internal exceptions (4 events):
Event: 0.151 Thread 0x000000000246e000 Exception <a 'java/lang/NoSuchMethodError': Method sun.misc.Unsafe.defineClass(Ljava/lang/String;[BII)Ljava/lang/Class; name or signature does not match> (0x00000000eab0d378) thrown at [D:\re\workspace\8-2-build-windows-amd64-cygwin\jdk8u40\3098\hotspot\sr>}¥;LÃ?
Event: 0.151 Thread 0x000000000246e000 Exception <a 'java/lang/NoSuchMethodError': Method sun.misc.Unsafe.prefetchRead(Ljava/lang/Object;J)V name or signature does not match> (0x00000000eab0d608) thrown at [D:\re\workspace\8-2-build-windows-amd64-cygwin\jdk8u40\3098\hotspot\src\share\vm\prims\jH•€Yþ?
Event: 1.897 Thread 0x000000000246e000 Implicit null exception at 0x0000000002d60652 to 0x0000000002d60742
Event: 3.533 Thread 0x000000000246e000 Implicit null exception at 0x0000000002f90e68 to 0x0000000002f923bd

Events (10 events):
Event: 3.556 Thread 0x000000000246e000 DEOPT UNPACKING pc=0x00000000029a582a sp=0x000000000257eaa8 mode 2
Event: 3.556 Thread 0x000000000246e000 Uncommon trap: trap_request=0xffffffc6 fr.pc=0x0000000002f9d850
Event: 3.556 Thread 0x000000000246e000 DEOPT PACKING pc=0x0000000002f9d850 sp=0x000000000257eb30
Event: 3.556 Thread 0x000000000246e000 DEOPT UNPACKING pc=0x00000000029a582a sp=0x000000000257eaa8 mode 2
Event: 3.558 Thread 0x000000000246e000 Uncommon trap: trap_request=0xffffffc6 fr.pc=0x0000000002f9d850
Event: 3.558 Thread 0x000000000246e000 DEOPT PACKING pc=0x0000000002f9d850 sp=0x000000000257ea80
Event: 3.558 Thread 0x000000000246e000 DEOPT UNPACKING pc=0x00000000029a582a sp=0x000000000257e9f8 mode 2
Event: 3.558 Thread 0x000000000246e000 Uncommon trap: trap_request=0xffffffc6 fr.pc=0x0000000002f9d850
Event: 3.558 Thread 0x000000000246e000 DEOPT PACKING pc=0x0000000002f9d850 sp=0x000000000257ea80
Event: 3.558 Thread 0x000000000246e000 DEOPT UNPACKING pc=0x00000000029a582a sp=0x000000000257e9f8 mode 2


Dynamic libraries:
0x000000013f840000 - 0x000000013f877000 	C:\Program Files\Java\jdk1.8.0_40\bin\java.exe
0x0000000076f20000 - 0x00000000770c9000 	C:\Windows\SYSTEM32\ntdll.dll
0x0000000076e00000 - 0x0000000076f1f000 	C:\Windows\system32\kernel32.dll
0x000007fefcf20000 - 0x000007fefcf8c000 	C:\Windows\system32\KERNELBASE.dll
0x000007fefd420000 - 0x000007fefd4fb000 	C:\Windows\system32\ADVAPI32.dll
0x000007fefd8e0000 - 0x000007fefd97f000 	C:\Windows\system32\msvcrt.dll
0x000007fefdd70000 - 0x000007fefdd8f000 	C:\Windows\SYSTEM32\sechost.dll
0x000007fefd580000 - 0x000007fefd6ad000 	C:\Windows\system32\RPCRT4.dll
0x0000000076d00000 - 0x0000000076dfa000 	C:\Windows\system32\USER32.dll
0x000007fefdd00000 - 0x000007fefdd67000 	C:\Windows\system32\GDI32.dll
0x000007fefd410000 - 0x000007fefd41e000 	C:\Windows\system32\LPK.dll
0x000007fefd340000 - 0x000007fefd409000 	C:\Windows\system32\USP10.dll
0x000007fefb200000 - 0x000007fefb3f4000 	C:\Windows\WinSxS\amd64_microsoft.windows.common-controls_6595b64144ccf1df_6.0.7601.17514_none_fa396087175ac9ac\COMCTL32.dll
0x000007fefd500000 - 0x000007fefd571000 	C:\Windows\system32\SHLWAPI.dll
0x000007fefd180000 - 0x000007fefd1ae000 	C:\Windows\system32\IMM32.DLL
0x000007feff120000 - 0x000007feff229000 	C:\Windows\system32\MSCTF.dll
0x0000000074ac0000 - 0x0000000074af8000 	C:\PROGRA~2\Sophos\SOPHOS~1\SOPHOS~2.DLL
0x00000000770e0000 - 0x00000000770e7000 	C:\Windows\system32\PSAPI.DLL
0x0000000054c60000 - 0x0000000054d32000 	C:\Program Files\Java\jdk1.8.0_40\jre\bin\msvcr100.dll
0x00000000541c0000 - 0x0000000054a43000 	C:\Program Files\Java\jdk1.8.0_40\jre\bin\server\jvm.dll
0x000007fefb070000 - 0x000007fefb079000 	C:\Windows\system32\WSOCK32.dll
0x000007fefda20000 - 0x000007fefda6d000 	C:\Windows\system32\WS2_32.dll
0x000007fefd290000 - 0x000007fefd298000 	C:\Windows\system32\NSI.dll
0x000007fefa950000 - 0x000007fefa98b000 	C:\Windows\system32\WINMM.dll
0x000007fefbee0000 - 0x000007fefbeec000 	C:\Windows\system32\VERSION.dll
0x0000000074030000 - 0x000000007403f000 	C:\Program Files\Java\jdk1.8.0_40\jre\bin\verify.dll
0x0000000074000000 - 0x0000000074029000 	C:\Program Files\Java\jdk1.8.0_40\jre\bin\java.dll
0x0000000073fe0000 - 0x0000000073ff6000 	C:\Program Files\Java\jdk1.8.0_40\jre\bin\zip.dll
0x000007fefdf00000 - 0x000007fefec89000 	C:\Windows\system32\SHELL32.dll
0x000007fefd6d0000 - 0x000007fefd8d3000 	C:\Windows\system32\ole32.dll
0x000007fefcd70000 - 0x000007fefcd7f000 	C:\Windows\system32\profapi.dll

VM Arguments:
jvm_args: -Xmx1024M -Dfile.encoding=windows-1252 -Duser.country=US -Duser.language=en -Duser.variant 
java_command: com.android.dx.command.Main --dex --output C:\Users\segeoma\AndroidStudioProjects\Warehouse\mobile\build\intermediates\pre-dexed\debug\classes-4e4a830cfafa5ae466750893382576b9b529f1de.jar C:\Users\segeoma\AndroidStudioProjects\Warehouse\mobile\build\intermediates\exploded-aar\com.android.support\support-v4\22.0.0\classes.jar
java_class_path (initial): C:\Users\segeoma\AppData\Local\Android\sdk\build-tools\22.0.0\lib\dx.jar
Launcher Type: SUN_STANDARD

Environment Variables:
PATH=C:\ProgramData\Oracle\Java\javapath;C:\Windows\system32;C:\Windows;C:\Windows\System32\Wbem;C:\Windows\System32\WindowsPowerShell\v1.0\;C:\Program Files\Intel\WiFi\bin\;C:\Program Files\Common Files\Intel\WirelessCommon\;C:\Program Files (x86)\Intel\OpenCL SDK\3.0\bin\x86;C:\Program Files (x86)\Intel\OpenCL SDK\3.0\bin\x64;C:\Program Files (x86)\Windows Kits\8.1\Windows Performance Toolkit\;C:\Program Files\Microsoft SQL Server\110\Tools\Binn\;C:\Program Files (x86)\Microsoft SDKs\TypeScript\1.0\;C:\Program Files\Microsoft SQL Server\120\Tools\Binn\;C:\Program Files\Java\jdk1.8.0_40\bin
USERNAME=segeoma
OS=Windows_NT
PROCESSOR_IDENTIFIER=Intel64 Family 6 Model 58 Stepping 9, GenuineIntel



---------------  S Y S T E M  ---------------

OS: Windows 7 , 64 bit Build 7601 (6.1.7601.18409)

CPU:total 4 (2 cores per cpu, 2 threads per core) family 6 model 58 stepping 9, cmov, cx8, fxsr, mmx, sse, sse2, sse3, ssse3, sse4.1, sse4.2, popcnt, avx, aes, clmul, erms, ht, tsc, tscinvbit, tscinv

Memory: 4k page, physical 8078128k(370172k free), swap 10173424k(5096k free)

vm_info: Java HotSpot(TM) 64-Bit Server VM (25.40-b25) for windows-amd64 JRE (1.8.0_40-b26), built on Mar  7 2015 13:51:59 by "java_re" with MS VC++ 10.0 (VS2010)

time: Mon Apr 27 09:38:35 2015
elapsed time: 3 seconds (0d 0h 0m 3s)

